[1.516s] DEBUG:colcon:Command line arguments: ['/usr/bin/colcon', 'build']
[1.518s] DEBUG:colcon:Parsed command line arguments: Namespace(log_base=None, log_level=None, verb_name='build', build_base='build', install_base='install', merge_install=False, symlink_install=False, test_result_base=None, continue_on_error=False, executor='parallel', parallel_workers=8, event_handlers=None, ignore_user_meta=False, metas=['./colcon.meta'], base_paths=['.'], packages_ignore=None, packages_ignore_regex=None, paths=None, packages_up_to=None, packages_up_to_regex=None, packages_above=None, packages_above_and_dependencies=None, packages_above_depth=None, packages_select_by_dep=None, packages_skip_by_dep=None, packages_skip_up_to=None, packages_select_build_failed=False, packages_skip_build_finished=False, packages_select_test_failures=False, packages_skip_test_passed=False, packages_select=None, packages_skip=None, packages_select_regex=None, packages_skip_regex=None, packages_start=None, packages_end=None, cmake_args=None, cmake_target=None, cmake_target_skip_unavailable=False, cmake_clean_cache=False, cmake_clean_first=False, cmake_force_configure=False, ament_cmake_args=None, catkin_cmake_args=None, catkin_skip_building_tests=False, mixin_files=None, mixin=None, verb_parser=<colcon_mixin.mixin.mixin_argument.MixinArgumentDecorator object at 0x7aa4262b7c70>, verb_extension=<colcon_core.verb.build.BuildVerb object at 0x7aa4262b75e0>, main=<bound method BuildVerb.main of <colcon_core.verb.build.BuildVerb object at 0x7aa4262b75e0>>, mixin_verb=('build',))
[3.696s] Level 1:colcon.colcon_core.package_discovery:discover_packages(colcon_meta) check parameters
[3.698s] INFO:colcon.colcon_metadata.package_discovery.colcon_meta:Using configuration from '/root/.colcon/metadata/default/Gazebo.meta'
[3.704s] INFO:colcon.colcon_metadata.package_discovery.colcon_meta:Using configuration from '/root/.colcon/metadata/default/fastdds.meta'
[3.706s] INFO:colcon.colcon_metadata.package_discovery.colcon_meta:Using configuration from '/root/.colcon/metadata/default/fastrtps.meta'
[3.707s] Level 1:colcon.colcon_core.package_discovery:discover_packages(recursive) check parameters
[3.709s] Level 1:colcon.colcon_core.package_discovery:discover_packages(ignore) check parameters
[3.709s] Level 1:colcon.colcon_core.package_discovery:discover_packages(path) check parameters
[3.717s] Level 1:colcon.colcon_core.package_discovery:discover_packages(colcon_meta) discover
[3.721s] Level 1:colcon.colcon_core.package_discovery:discover_packages(recursive) discover
[3.723s] INFO:colcon.colcon_core.package_discovery:Crawling recursively for packages in '/home/robot/workspace/aprendendo_ros2'
[3.741s] Level 1:colcon.colcon_core.package_identification:_identify(.) by extensions ['ignore', 'ignore_ament_install']
[3.742s] Level 1:colcon.colcon_core.package_identification:_identify(.) by extension 'ignore'
[3.744s] Level 1:colcon.colcon_core.package_identification:_identify(.) by extension 'ignore_ament_install'
[3.749s] Level 1:colcon.colcon_core.package_identification:_identify(.) by extensions ['colcon_pkg']
[3.751s] Level 1:colcon.colcon_core.package_identification:_identify(.) by extension 'colcon_pkg'
[3.770s] Level 1:colcon.colcon_core.package_identification:_identify(.) by extensions ['colcon_meta']
[3.774s] Level 1:colcon.colcon_core.package_identification:_identify(.) by extension 'colcon_meta'
[3.781s] Level 1:colcon.colcon_core.package_identification:_identify(.) by extensions ['ros']
[3.790s] Level 1:colcon.colcon_core.package_identification:_identify(.) by extension 'ros'
[3.913s] Level 1:colcon.colcon_core.package_identification:_identify(.) by extensions ['cmake', 'python']
[3.915s] Level 1:colcon.colcon_core.package_identification:_identify(.) by extension 'cmake'
[3.931s] Level 1:colcon.colcon_core.package_identification:_identify(.) by extension 'python'
[3.941s] Level 1:colcon.colcon_core.package_identification:_identify(.) by extensions ['python_setup_py']
[3.949s] Level 1:colcon.colcon_core.package_identification:_identify(.) by extension 'python_setup_py'
[3.982s] Level 1:colcon.colcon_core.package_identification:_identify(build) by extensions ['ignore', 'ignore_ament_install']
[3.984s] Level 1:colcon.colcon_core.package_identification:_identify(build) by extension 'ignore'
[3.991s] Level 1:colcon.colcon_core.package_identification:_identify(build) ignored
[4.030s] Level 1:colcon.colcon_core.package_identification:_identify(install) by extensions ['ignore', 'ignore_ament_install']
[4.032s] Level 1:colcon.colcon_core.package_identification:_identify(install) by extension 'ignore'
[4.042s] Level 1:colcon.colcon_core.package_identification:_identify(install) ignored
[4.093s] Level 1:colcon.colcon_core.package_identification:_identify(log) by extensions ['ignore', 'ignore_ament_install']
[4.094s] Level 1:colcon.colcon_core.package_identification:_identify(log) by extension 'ignore'
[4.103s] Level 1:colcon.colcon_core.package_identification:_identify(log) ignored
[4.104s] Level 1:colcon.colcon_core.package_discovery:discover_packages(recursive) using defaults
[4.113s] Level 1:colcon.colcon_core.package_discovery:discover_packages(ignore) discover
[4.115s] Level 1:colcon.colcon_core.package_discovery:discover_packages(ignore) using defaults
[4.121s] Level 1:colcon.colcon_core.package_discovery:discover_packages(path) discover
[4.130s] Level 1:colcon.colcon_core.package_discovery:discover_packages(path) using defaults
[4.492s] INFO:colcon.colcon_core.executor:Executing jobs using 'parallel' executor
[4.529s] DEBUG:colcon.colcon_parallel_executor.executor.parallel:run_until_complete
[4.533s] DEBUG:colcon.colcon_parallel_executor.executor.parallel:closing loop
[4.541s] DEBUG:colcon.colcon_parallel_executor.executor.parallel:loop closed
[4.544s] DEBUG:colcon.colcon_parallel_executor.executor.parallel:run_until_complete finished with '0'
[4.548s] DEBUG:colcon.colcon_core.event_reactor:joining thread
[4.661s] INFO:colcon.colcon_core.plugin_system:Skipping extension 'colcon_notification.desktop_notification.notify_send': Could not find 'notify-send'
[4.664s] INFO:colcon.colcon_core.plugin_system:Skipping extension 'colcon_notification.desktop_notification.terminal_notifier': Not used on non-Darwin systems
[4.666s] INFO:colcon.colcon_core.plugin_system:Skipping extension 'colcon_notification.desktop_notification.win32': Not used on non-Windows systems
[4.678s] INFO:colcon.colcon_notification.desktop_notification:Sending desktop notification using 'notify2'
[4.733s] DEBUG:colcon.colcon_notification.desktop_notification.notify2:Failed to initialize notify2: org.freedesktop.DBus.Error.Spawn.ExecFailed: /usr/bin/dbus-launch terminated abnormally without any error message
[4.736s] DEBUG:colcon.colcon_core.event_reactor:joined thread
[4.760s] INFO:colcon.colcon_core.plugin_system:Skipping extension 'colcon_core.shell.bat': Not used on non-Windows systems
[4.771s] INFO:colcon.colcon_core.shell:Creating prefix script '/home/robot/workspace/aprendendo_ros2/install/local_setup.ps1'
[4.883s] INFO:colcon.colcon_core.shell:Creating prefix util module '/home/robot/workspace/aprendendo_ros2/install/_local_setup_util_ps1.py'
[5.011s] INFO:colcon.colcon_core.shell:Creating prefix chain script '/home/robot/workspace/aprendendo_ros2/install/setup.ps1'
[5.114s] INFO:colcon.colcon_core.shell:Creating prefix script '/home/robot/workspace/aprendendo_ros2/install/local_setup.sh'
[5.176s] INFO:colcon.colcon_core.shell:Creating prefix util module '/home/robot/workspace/aprendendo_ros2/install/_local_setup_util_sh.py'
[5.258s] INFO:colcon.colcon_core.shell:Creating prefix chain script '/home/robot/workspace/aprendendo_ros2/install/setup.sh'
[5.380s] INFO:colcon.colcon_core.shell:Creating prefix script '/home/robot/workspace/aprendendo_ros2/install/local_setup.bash'
[5.466s] INFO:colcon.colcon_core.shell:Creating prefix chain script '/home/robot/workspace/aprendendo_ros2/install/setup.bash'
[5.528s] INFO:colcon.colcon_core.shell:Creating prefix script '/home/robot/workspace/aprendendo_ros2/install/local_setup.zsh'
[5.658s] INFO:colcon.colcon_core.shell:Creating prefix chain script '/home/robot/workspace/aprendendo_ros2/install/setup.zsh'
